i> 00003654 Build: master@5519dbb39 on Apr 27 2022
i> 00003654 Storage root: C:\Users\User\Documents\Xenia
i> 00003654 Loaded config: C:\Users\User\Documents\Xenia\xenia.config.toml
i> 00003654 Content root: C:\Users\User\Documents\Xenia\content
i> 00003654 Cache root: C:\Users\User\Documents\Xenia\cache
i> 00001E28 winkey: "^A" binds key 0x41 to controller input DPAD_LEFT.
i> 00001E28 winkey: "^D" binds key 0x44 to controller input DPAD_RIGHT.
i> 00001E28 winkey: "^S" binds key 0x53 to controller input DPAD_DOWN.
i> 00001E28 winkey: "^W" binds key 0x57 to controller input DPAD_UP.
i> 00001E28 winkey: "_A" binds key 0x41 to controller input LEFT_THUMB_LEFT.
i> 00001E28 winkey: "_D" binds key 0x44 to controller input LEFT_THUMB_RIGHT.
i> 00001E28 winkey: "_S" binds key 0x53 to controller input LEFT_THUMB_DOWN.
i> 00001E28 winkey: "_W" binds key 0x57 to controller input LEFT_THUMB_UP.
i> 00001E28 winkey: "F" binds key 0x46 to controller input LEFT_THUMB_PRESSED.
i> 00001E28 winkey: "0x26" binds key 0x26 to controller input RIGHT_THUMB_UP.
i> 00001E28 winkey: "0x28" binds key 0x28 to controller input RIGHT_THUMB_DOWN.
i> 00001E28 winkey: "0x27" binds key 0x27 to controller input RIGHT_THUMB_RIGHT.
i> 00001E28 winkey: "0x25" binds key 0x25 to controller input RIGHT_THUMB_LEFT.
i> 00001E28 winkey: "K" binds key 0x4B to controller input RIGHT_THUMB_PRESSED.
i> 00001E28 winkey: "L" binds key 0x4C to controller input X.
i> 00001E28 winkey: "0xDE" binds key 0xDE to controller input B.
i> 00001E28 winkey: "0xBA" binds key 0xBA to controller input A.
i> 00001E28 winkey: "P" binds key 0x50 to controller input Y.
i> 00001E28 winkey: "Q" binds key 0x51 to controller input LEFT_TRIGGER.
i> 00001E28 winkey: "I" binds key 0x49 to controller input LEFT_TRIGGER.
i> 00001E28 winkey: "E" binds key 0x45 to controller input RIGHT_TRIGGER.
i> 00001E28 winkey: "O" binds key 0x4F to controller input RIGHT_TRIGGER.
i> 00001E28 winkey: "Z" binds key 0x5A to controller input BACK.
i> 00001E28 winkey: "X" binds key 0x58 to controller input START.
i> 00001E28 winkey: "1" binds key 0x31 to controller input LEFT_SHOULDER.
i> 00001E28 winkey: "3" binds key 0x33 to controller input RIGHT_SHOULDER.
w> 00003654 SDL GameControllerDB: file 'gamecontrollerdb.txt' does not exist.
i> 00003654        Time, 
i> 00003654     Average, 
i> 00003654         Max, 
i> 00003654         Min, 
i> 00003654    Call Avg, 
i> 00003654     Count, 
i> 00003654        Excl, 
i> 00003654    Avg Excl, 
i> 00003654    Max Excl, 
i> 00003654 apu
i> 00003654 cpu
i> 00003654 gpu
i> 00003654 internal
